###############################################################################
#                                                                             #
# IAR C/C++ Compiler V8.10.3.10338/W32 for 8051         17/Mar/2017  19:56:59 #
# Copyright 2004-2011 IAR Systems AB.                                         #
#                                                                             #
#    Core               =  plain                                              #
#    Code model         =  banked                                             #
#    Data model         =  large                                              #
#    Calling convention =  xdata reentrant                                    #
#    Constant location  =  data_rom                                           #
#    Dptr setup         =  1,16                                               #
#    Source file        =  D:\Zigbeespace\20170317\ZStack-2.5.1a\Projects\zst #
#                          ack\ZMain\TI2530DB\ZMain.c                         #
#    Command line       =  -f D:\Zigbeespace\20170317\ZStack-2.5.1a\Projects\ #
#                          zstack\Samples\SampleApp\CC2530DB\..\..\..\Tools\C #
#                          C2530DB\f8wRouter.cfg (-DCPU32MHZ                  #
#                          -DROOT=__near_func -DMAC_CFG_APP_PENDING_QUEUE=TRU #
#                          E -DMAC_CFG_TX_DATA_MAX=5 -DMAC_CFG_TX_MAX=8       #
#                          -DMAC_CFG_RX_MAX=5 -DRTR_NWK) -f                   #
#                          D:\Zigbeespace\20170317\ZStack-2.5.1a\Projects\zst #
#                          ack\Samples\SampleApp\CC2530DB\..\..\..\Tools\CC25 #
#                          30DB\f8wConfig.cfg (-DZIGBEEPRO -DSECURE=0         #
#                          -DZG_SECURE_DYNAMIC=0 -DREFLECTOR                  #
#                          -DDEFAULT_CHANLIST=0x00000800                      #
#                          -DZDAPP_CONFIG_PAN_ID=0x333;                       #
#                          -DNWK_START_DELAY=100 -DEXTENDED_JOINING_RANDOM_MA #
#                          SK=0x007F -DBEACON_REQUEST_DELAY=100               #
#                          -DBEACON_REQ_DELAY_MASK=0x00FF                     #
#                          -DLINK_STATUS_JITTER_MASK=0x007F                   #
#                          -DROUTE_EXPIRY_TIME=30 -DAPSC_ACK_WAIT_DURATION_PO #
#                          LLED=3000 -DNWK_INDIRECT_MSG_TIMEOUT=7             #
#                          -DMAX_RREQ_ENTRIES=8 -DAPSC_MAX_FRAME_RETRIES=3    #
#                          -DNWK_MAX_DATA_RETRIES=2                           #
#                          -DMAX_POLL_FAILURE_RETRIES=2 -DMAX_BCAST=9         #
#                          -DAPS_MAX_GROUPS=16 -DMAX_RTG_ENTRIES=40           #
#                          -DNWK_MAX_BINDING_ENTRIES=4                        #
#                          -DMAX_BINDING_CLUSTER_IDS=4 "-DDEFAULT_KEY={0x01,  #
#                          0x03, 0x05, 0x07, 0x09, 0x0B, 0x0D, 0x0F, 0x00,    #
#                          0x02, 0x04, 0x06, 0x08, 0x0A, 0x0C, 0x0D}"         #
#                          -DMAC_MAX_FRAME_SIZE=116                           #
#                          -DZDNWKMGR_MIN_TRANSMISSIONS=20 "-DCONST=const     #
#                          __code" -DGENERIC=__generic                        #
#                          -DRFD_RCVC_ALWAYS_ON=TRUE -DPOLL_RATE=1000         #
#                          -DQUEUED_POLL_RATE=100 -DRESPONSE_POLL_RATE=100)   #
#                          -DREJOIN_POLL_RATE=440 D:\Zigbeespace\20170317\ZSt #
#                          ack-2.5.1a\Projects\zstack\ZMain\TI2530DB\ZMain.c  #
#                          -D ZTOOL_P1 -D MT_TASK -D MT_SYS_FUNC -D           #
#                          MT_ZDO_FUNC -D LCD_SUPPORTED=DEBUG -D              #
#                          xPOWER_SAVING -lC D:\Zigbeespace\20170317\ZStack-2 #
#                          .5.1a\Projects\zstack\Samples\SampleApp\CC2530DB\R #
#                          outerEB\List\ -lA D:\Zigbeespace\20170317\ZStack-2 #
#                          .5.1a\Projects\zstack\Samples\SampleApp\CC2530DB\R #
#                          outerEB\List\ --diag_suppress Pe001,Pa010 -o       #
#                          D:\Zigbeespace\20170317\ZStack-2.5.1a\Projects\zst #
#                          ack\Samples\SampleApp\CC2530DB\RouterEB\Obj\ -e    #
#                          --no_cse --no_unroll --no_inline --no_code_motion  #
#                          --no_tbaa --debug --core=plain --dptr=16,1         #
#                          --data_model=large --code_model=banked             #
#                          --calling_convention=xdata_reentrant               #
#                          --place_constants=data_rom --nr_virtual_regs 16    #
#                          -I D:\Zigbeespace\20170317\ZStack-2.5.1a\Projects\ #
#                          zstack\Samples\SampleApp\CC2530DB\ -I              #
#                          D:\Zigbeespace\20170317\ZStack-2.5.1a\Projects\zst #
#                          ack\Samples\SampleApp\CC2530DB\..\Source\ -I       #
#                          D:\Zigbeespace\20170317\ZStack-2.5.1a\Projects\zst #
#                          ack\Samples\SampleApp\CC2530DB\..\..\..\ZMain\TI25 #
#                          30DB\ -I D:\Zigbeespace\20170317\ZStack-2.5.1a\Pro #
#                          jects\zstack\Samples\SampleApp\CC2530DB\..\..\..\. #
#                          .\..\Components\hal\include\ -I                    #
#                          D:\Zigbeespace\20170317\ZStack-2.5.1a\Projects\zst #
#                          ack\Samples\SampleApp\CC2530DB\..\..\..\..\..\Comp #
#                          onents\hal\target\CC2530EB\ -I                     #
#                          D:\Zigbeespace\20170317\ZStack-2.5.1a\Projects\zst #
#                          ack\Samples\SampleApp\CC2530DB\..\..\..\..\..\Comp #
#                          onents\mac\include\ -I D:\Zigbeespace\20170317\ZSt #
#                          ack-2.5.1a\Projects\zstack\Samples\SampleApp\CC253 #
#                          0DB\..\..\..\..\..\Components\mac\high_level\ -I   #
#                          D:\Zigbeespace\20170317\ZStack-2.5.1a\Projects\zst #
#                          ack\Samples\SampleApp\CC2530DB\..\..\..\..\..\Comp #
#                          onents\mac\low_level\srf04\ -I                     #
#                          D:\Zigbeespace\20170317\ZStack-2.5.1a\Projects\zst #
#                          ack\Samples\SampleApp\CC2530DB\..\..\..\..\..\Comp #
#                          onents\mac\low_level\srf04\single_chip\ -I         #
#                          D:\Zigbeespace\20170317\ZStack-2.5.1a\Projects\zst #
#                          ack\Samples\SampleApp\CC2530DB\..\..\..\..\..\Comp #
#                          onents\mt\ -I D:\Zigbeespace\20170317\ZStack-2.5.1 #
#                          a\Projects\zstack\Samples\SampleApp\CC2530DB\..\.. #
#                          \..\..\..\Components\osal\include\ -I              #
#                          D:\Zigbeespace\20170317\ZStack-2.5.1a\Projects\zst #
#                          ack\Samples\SampleApp\CC2530DB\..\..\..\..\..\Comp #
#                          onents\services\saddr\ -I                          #
#                          D:\Zigbeespace\20170317\ZStack-2.5.1a\Projects\zst #
#                          ack\Samples\SampleApp\CC2530DB\..\..\..\..\..\Comp #
#                          onents\services\sdata\ -I                          #
#                          D:\Zigbeespace\20170317\ZStack-2.5.1a\Projects\zst #
#                          ack\Samples\SampleApp\CC2530DB\..\..\..\..\..\Comp #
#                          onents\stack\af\ -I D:\Zigbeespace\20170317\ZStack #
#                          -2.5.1a\Projects\zstack\Samples\SampleApp\CC2530DB #
#                          \..\..\..\..\..\Components\stack\nwk\ -I           #
#                          D:\Zigbeespace\20170317\ZStack-2.5.1a\Projects\zst #
#                          ack\Samples\SampleApp\CC2530DB\..\..\..\..\..\Comp #
#                          onents\stack\sapi\ -I D:\Zigbeespace\20170317\ZSta #
#                          ck-2.5.1a\Projects\zstack\Samples\SampleApp\CC2530 #
#                          DB\..\..\..\..\..\Components\stack\sec\ -I         #
#                          D:\Zigbeespace\20170317\ZStack-2.5.1a\Projects\zst #
#                          ack\Samples\SampleApp\CC2530DB\..\..\..\..\..\Comp #
#                          onents\stack\sys\ -I D:\Zigbeespace\20170317\ZStac #
#                          k-2.5.1a\Projects\zstack\Samples\SampleApp\CC2530D #
#                          B\..\..\..\..\..\Components\stack\zdo\ -I          #
#                          D:\Zigbeespace\20170317\ZStack-2.5.1a\Projects\zst #
#                          ack\Samples\SampleApp\CC2530DB\..\..\..\..\..\Comp #
#                          onents\zmac\ -I D:\Zigbeespace\20170317\ZStack-2.5 #
#                          .1a\Projects\zstack\Samples\SampleApp\CC2530DB\..\ #
#                          ..\..\..\..\Components\zmac\f8w\ -On               #
#                          --require_prototypes                               #
#    List file          =  D:\Zigbeespace\20170317\ZStack-2.5.1a\Projects\zst #
#                          ack\Samples\SampleApp\CC2530DB\RouterEB\List\ZMain #
#                          .lst                                               #
#    Object file        =  D:\Zigbeespace\20170317\ZStack-2.5.1a\Projects\zst #
#                          ack\Samples\SampleApp\CC2530DB\RouterEB\Obj\ZMain. #
#                          r51                                                #
#                                                                             #
#                                                                             #
###############################################################################

D:\Zigbeespace\20170317\ZStack-2.5.1a\Projects\zstack\ZMain\TI2530DB\ZMain.c
      1          /**************************************************************************************************
      2            Filename:       ZMain.c
      3            Revised:        $Date: 2010-09-17 16:25:30 -0700 (Fri, 17 Sep 2010) $
      4            Revision:       $Revision: 23835 $ V1.0 ALD Andy
      5          
      6            Description:    Startup and shutdown code for ZStack
      7            Notes:          This version targets the Chipcon CC2530
      8          
      9          
     10            Copyright 2005-2010 Texas Instruments Incorporated. All rights reserved.
     11          
     12            IMPORTANT: Your use of this Software is limited to those specific rights
     13            granted under the terms of a software license agreement between the user
     14            who downloaded the software, his/her employer (which must be your employer)
     15            and Texas Instruments Incorporated (the "License").  You may not use this
     16            Software unless you agree to abide by the terms of the License. The License
     17            limits your use, and you acknowledge, that the Software may not be modified,
     18            copied or distributed unless embedded on a Texas Instruments microcontroller
     19            or used solely and exclusively in conjunction with a Texas Instruments radio
     20            frequency transceiver, which is integrated into your product.  Other than for
     21            the foregoing purpose, you may not use, reproduce, copy, prepare derivative
     22            works of, modify, distribute, perform, display or sell this Software and/or
     23            its documentation for any purpose.
     24          
     25            YOU FURTHER ACKNOWLEDGE AND AGREE THAT THE SOFTWARE AND DOCUMENTATION ARE
     26            PROVIDED AS IS?WITHOUT WARRANTY OF ANY KIND, EITHER EXPRESS OR IMPLIED,
     27            INCLUDING WITHOUT LIMITATION, ANY WARRANTY OF MERCHANTABILITY, TITLE,
     28            NON-INFRINGEMENT AND FITNESS FOR A PARTICULAR PURPOSE. IN NO EVENT SHALL
     29            TEXAS INSTRUMENTS OR ITS LICENSORS BE LIABLE OR OBLIGATED UNDER CONTRACT,
     30            NEGLIGENCE, STRICT LIABILITY, CONTRIBUTION, BREACH OF WARRANTY, OR OTHER
     31            LEGAL EQUITABLE THEORY ANY DIRECT OR INDIRECT DAMAGES OR EXPENSES
     32            INCLUDING BUT NOT LIMITED TO ANY INCIDENTAL, SPECIAL, INDIRECT, PUNITIVE
     33            OR CONSEQUENTIAL DAMAGES, LOST PROFITS OR LOST DATA, COST OF PROCUREMENT
     34            OF SUBSTITUTE GOODS, TECHNOLOGY, SERVICES, OR ANY CLAIMS BY THIRD PARTIES
     35            (INCLUDING BUT NOT LIMITED TO ANY DEFENSE THEREOF), OR OTHER SIMILAR COSTS.
     36          
     37            Should you have any questions regarding your right to use this Software,
     38            contact Texas Instruments Incorporated at https://aldsz.taobao.com
     39          **************************************************************************************************/
     40          
     41          /*********************************************************************
     42           * INCLUDES
     43           */
     44          
     45          #ifndef NONWK
     46          #include "AF.h"
     47          #endif
     48          #include "hal_adc.h"

   \                                 In  segment SFR_AN, at 0x8f
   \   unsigned char volatile __sfr P0INP
   \                     P0INP:
   \   000000                DS 1

   \                                 In  segment SFR_AN, at 0x90
   \   union <unnamed> volatile __sfr _A_P1
   \                     _A_P1:
   \   000000                DS 1

   \                                 In  segment SFR_AN, at 0x9d
   \   unsigned char volatile __sfr SLEEPSTA
   \                     SLEEPSTA:
   \   000000                DS 1

   \                                 In  segment SFR_AN, at 0x9e
   \   unsigned char volatile __sfr CLKCONSTA
   \                     CLKCONSTA:
   \   000000                DS 1

   \                                 In  segment SFR_AN, at 0xbe
   \   unsigned char volatile __sfr SLEEPCMD
   \                     SLEEPCMD:
   \   000000                DS 1

   \                                 In  segment SFR_AN, at 0xc6
   \   unsigned char volatile __sfr CLKCONCMD
   \                     CLKCONCMD:
   \   000000                DS 1

   \                                 In  segment SFR_AN, at 0xfe
   \   unsigned char volatile __sfr P1DIR
   \                     P1DIR:
   \   000000                DS 1
     49          #include "hal_flash.h"
     50          #include "hal_lcd.h"
     51          #include "hal_led.h"
     52          #include "hal_drivers.h"
     53          #include "OnBoard.h"
     54          #include "OSAL.h"
     55          #include "OSAL_Nv.h"
     56          #include "ZComDef.h"
     57          #include "ZMAC.h" 
     58          
     59          /*********************************************************************
     60           * LOCAL FUNCTIONS
     61           */
     62          
     63          static void zmain_ext_addr( void );
     64          #if defined ZCL_KEY_ESTABLISH
     65          static void zmain_cert_init( void );
     66          #endif
     67          static void zmain_dev_info( void );
     68          static void zmain_vdd_check( void );
     69          
     70          #ifdef LCD_SUPPORTED
     71          static void zmain_lcd_init( void );
     72          #endif
     73          
     74          extern uint8 AppTitle[]; //应用程序名称
     75          
     76          /*********************************************************************
     77           * @fn      main
     78           * @brief   First function called after startup.
     79           * @return  don't care
     80           */

   \                                 In  segment BANKED_CODE, align 1, keep-with-next
     81          int main( void )
   \                     main:
     82          {
   \   000000                ; Auto size: 0
     83            // Turn off interrupts
     84            osal_int_disable( INTS_ALL );
   \   000000                ; Setup parameters for call to function osal_int_disable
   \   000000   79FF         MOV     R1,#-0x1
   \   000002   12....       LCALL   ??osal_int_disable?relay
   \   000005   E9           MOV     A,R1
     85          
     86            // Initialization for board related stuff such as LEDs
     87            HAL_BOARD_INIT();
   \   000006   53BEFB       ANL     0xbe,#0xfb
   \                     ??main_0:
   \   000009   E59D         MOV     A,0x9d
   \   00000B   A2E6         MOV     C,0xE0 /* A   */.6
   \   00000D   50FA         JNC     ??main_0
   \   00000F   00           NOP
   \   000010   7E00         MOV     R6,#0x0
   \   000012   7F00         MOV     R7,#0x0
   \                     ??main_1:
   \   000014   C3           CLR     C
   \   000015   EE           MOV     A,R6
   \   000016   94F8         SUBB    A,#-0x8
   \   000018   EF           MOV     A,R7
   \   000019   9401         SUBB    A,#0x1
   \   00001B   500B         JNC     ??main_2
   \   00001D   00           NOP
   \   00001E   EE           MOV     A,R6
   \   00001F   2401         ADD     A,#0x1
   \   000021   FE           MOV     R6,A
   \   000022   EF           MOV     A,R7
   \   000023   3400         ADDC    A,#0x0
   \   000025   FF           MOV     R7,A
   \   000026   80EC         SJMP    ??main_1
   \                     ??main_2:
   \   000028   75C600       MOV     0xc6,#0x0
   \                     ??main_3:
   \   00002B   E59E         MOV     A,0x9e
   \   00002D   70FC         JNZ     ??main_3
   \   00002F   43BE04       ORL     0xbe,#0x4
   \   000032   906270       MOV     DPTR,#0x6270
   \   000035   7408         MOV     A,#0x8
   \   000037   F0           MOVX    @DPTR,A
   \   000038   C290         CLR     0x90.0
   \   00003A   43FE01       ORL     0xfe,#0x1
   \   00003D   C291         CLR     0x90.1
   \   00003F   43FE02       ORL     0xfe,#0x2
   \   000042   C294         CLR     0x90.4
   \   000044   43FE10       ORL     0xfe,#0x10
   \   000047   438F01       ORL     0x8f,#0x1
     88          
     89            // Make sure supply voltage is high enough to run
     90            zmain_vdd_check();
   \   00004A                ; Setup parameters for call to function zmain_vdd_check
   \   00004A   12....       LCALL   ??zmain_vdd_check?relay
     91          
     92            // Initialize board I/O
     93            InitBoard( OB_COLD );
   \   00004D                ; Setup parameters for call to function InitBoard
   \   00004D   7900         MOV     R1,#0x0
   \   00004F   12....       LCALL   ??InitBoard?relay
     94          
     95            // Initialze HAL drivers
     96            HalDriverInit();
   \   000052                ; Setup parameters for call to function HalDriverInit
   \   000052   12....       LCALL   ??HalDriverInit?relay
     97          
     98            // Initialize NV System
     99            osal_nv_init( NULL );
   \   000055                ; Setup parameters for call to function osal_nv_init
   \   000055   7A00         MOV     R2,#0x0
   \   000057   7B00         MOV     R3,#0x0
   \   000059   12....       LCALL   ??osal_nv_init?relay
    100          
    101            // Initialize the MAC
    102            ZMacInit();
   \   00005C                ; Setup parameters for call to function ZMacInit
   \   00005C   12....       LCALL   ??ZMacInit?relay
   \   00005F   E9           MOV     A,R1
    103          
    104            // Determine the extended address
    105            zmain_ext_addr();
   \   000060                ; Setup parameters for call to function zmain_ext_addr
   \   000060   12....       LCALL   ??zmain_ext_addr?relay
    106          
    107          #if defined ZCL_KEY_ESTABLISH
    108            // Initialize the Certicom certificate information.
    109            zmain_cert_init();
    110          #endif
    111          
    112            // Initialize basic NV items
    113            zgInit();
   \   000063                ; Setup parameters for call to function zgInit
   \   000063   12....       LCALL   ??zgInit?relay
   \   000066   E9           MOV     A,R1
    114          
    115          #ifndef NONWK
    116            // Since the AF isn't a task, call it's initialization routine
    117            afInit();
    118          #endif
    119          
    120            // Initialize the operating system
    121            osal_init_system();
   \   000067                ; Setup parameters for call to function osal_init_system
   \   000067   12....       LCALL   ??osal_init_system?relay
   \   00006A   E9           MOV     A,R1
    122          
    123            // Allow interrupts
    124            osal_int_enable( INTS_ALL );
   \   00006B                ; Setup parameters for call to function osal_int_enable
   \   00006B   79FF         MOV     R1,#-0x1
   \   00006D   12....       LCALL   ??osal_int_enable?relay
   \   000070   E9           MOV     A,R1
    125          
    126            // Final board initialization
    127            InitBoard( OB_READY );
   \   000071                ; Setup parameters for call to function InitBoard
   \   000071   7902         MOV     R1,#0x2
   \   000073   12....       LCALL   ??InitBoard?relay
    128          
    129            // Display information about this device
    130            zmain_dev_info();
   \   000076                ; Setup parameters for call to function zmain_dev_info
   \   000076   12....       LCALL   ??zmain_dev_info?relay
    131          
    132            /* Display the device info on the LCD */
    133          #ifdef LCD_SUPPORTED
    134            zmain_lcd_init();
   \   000079                ; Setup parameters for call to function zmain_lcd_init
   \   000079   12....       LCALL   ??zmain_lcd_init?relay
    135          #endif
    136          
    137          #ifdef WDT_IN_PM1
    138            /* If WDT is used, this is a good place to enable it. */
    139            WatchDogEnable( WDTIMX );
    140          #endif
    141          
    142            osal_start_system(); // No Return from here
   \   00007C                ; Setup parameters for call to function osal_start_system
   \   00007C   12....       LCALL   ??osal_start_system?relay
    143          
    144            return 0;  // Shouldn't get here.
   \   00007F   7A00         MOV     R2,#0x0
   \   000081   7B00         MOV     R3,#0x0
   \   000083   02....       LJMP    ?BRET
   \   000086                REQUIRE SLEEPCMD
   \   000086                REQUIRE SLEEPSTA
   \   000086                REQUIRE CLKCONCMD
   \   000086                REQUIRE CLKCONSTA
   \   000086                REQUIRE _A_P1
   \   000086                REQUIRE P1DIR
   \   000086                REQUIRE P0INP
    145          } // main()
    146          
    147          /*********************************************************************
    148           * @fn      zmain_vdd_check
    149           * @brief   Check if the Vdd is OK to run the processor.
    150           * @return  Return if Vdd is ok; otherwise, flash LED, then reset
    151           *********************************************************************/

   \                                 In  segment BANKED_CODE, align 1, keep-with-next
    152          static void zmain_vdd_check( void )
   \                     zmain_vdd_check:
    153          {
   \   000000   74F7         MOV     A,#-0x9
   \   000002   12....       LCALL   ?BANKED_ENTER_XDATA
   \   000005                ; Saved register size: 9
   \   000005                ; Auto size: 0
    154            uint8 cnt = 16;
   \   000005   7E10         MOV     R6,#0x10
    155            
    156            do {
    157              while (!HalAdcCheckVdd(VDD_MIN_RUN));
   \                     ??zmain_vdd_check_0:
   \   000007                ; Setup parameters for call to function HalAdcCheckVdd
   \   000007   794A         MOV     R1,#0x4a
   \   000009   12....       LCALL   ??HalAdcCheckVdd?relay
   \   00000C   E9           MOV     A,R1
   \   00000D   60F8         JZ      ??zmain_vdd_check_0
    158            } while (--cnt);
   \   00000F   74FF         MOV     A,#-0x1
   \   000011   2E           ADD     A,R6
   \   000012   F8           MOV     R0,A
   \   000013   E8           MOV     A,R0
   \   000014   FE           MOV     R6,A
   \   000015   E8           MOV     A,R0
   \   000016   70EF         JNZ     ??zmain_vdd_check_0
    159          }
   \   000018   7F01         MOV     R7,#0x1
   \   00001A   02....       LJMP    ?BANKED_LEAVE_XDATA
    160          
    161          /**************************************************************************************************
    162           * @fn          zmain_ext_addr
    163           *
    164           * @brief       Execute a prioritized search for a valid extended address and write the results
    165           *              into the OSAL NV system for use by the system. Temporary address not saved to NV.
    166           *
    167           * input parameters
    168           *
    169           * None.
    170           *
    171           * output parameters
    172           *
    173           * None.
    174           *
    175           * @return      None.
    176           **************************************************************************************************
    177           */

   \                                 In  segment BANKED_CODE, align 1, keep-with-next
    178          static void zmain_ext_addr(void)
   \                     zmain_ext_addr:
    179          {
   \   000000   74F5         MOV     A,#-0xb
   \   000002   12....       LCALL   ?BANKED_ENTER_XDATA
   \   000005                ; Saved register size: 11
   \   000005                ; Auto size: 8
   \   000005   74F8         MOV     A,#-0x8
   \   000007   12....       LCALL   ?ALLOC_XSTACK8
    180            uint8 nullAddr[Z_EXTADDR_LEN] = {0xFF, 0xFF, 0xFF, 0xFF, 0xFF, 0xFF, 0xFF, 0xFF};
   \   00000A   90....       MOV     DPTR,#`?<Constant {255, 255, 255, 255, 255, 255, 255,`
   \   00000D   C082         PUSH    DPL
   \   00000F   C083         PUSH    DPH
   \   000011   85..82       MOV     DPL,?XSP + 0
   \   000014   85..83       MOV     DPH,?XSP + 1
   \   000017   AC82         MOV     R4,DPL
   \   000019   AD83         MOV     R5,DPH
   \   00001B   D083         POP     DPH
   \   00001D   D082         POP     DPL
   \   00001F   7408         MOV     A,#0x8
   \   000021   12....       LCALL   ?MOVE_LONG8_XDATA_XDATA
    181            uint8 writeNV = TRUE;
   \   000024   7E01         MOV     R6,#0x1
    182          
    183            // First check whether a non-erased extended address exists in the OSAL NV.
    184            if ((SUCCESS != osal_nv_item_init(ZCD_NV_EXTADDR, Z_EXTADDR_LEN, NULL))  ||
    185                (SUCCESS != osal_nv_read(ZCD_NV_EXTADDR, 0, Z_EXTADDR_LEN, aExtendedAddress)) ||
    186                (osal_memcmp(aExtendedAddress, nullAddr, Z_EXTADDR_LEN)))
   \   000026                ; Setup parameters for call to function osal_nv_item_init
   \   000026   E4           CLR     A
   \   000027   F5..         MOV     ?V0 + 0,A
   \   000029   F5..         MOV     ?V0 + 1,A
   \   00002B   78..         MOV     R0,#?V0 + 0
   \   00002D   12....       LCALL   ?PUSH_XSTACK_I_TWO
   \   000030   7C08         MOV     R4,#0x8
   \   000032   7D00         MOV     R5,#0x0
   \   000034   7A01         MOV     R2,#0x1
   \   000036   7B00         MOV     R3,#0x0
   \   000038   12....       LCALL   ??osal_nv_item_init?relay
   \   00003B   7402         MOV     A,#0x2
   \   00003D   12....       LCALL   ?DEALLOC_XSTACK8
   \   000040   E9           MOV     A,R1
   \   000041   7058         JNZ     ??zmain_ext_addr_0
   \   000043                ; Setup parameters for call to function osal_nv_read
   \   000043   75....       MOV     ?V0 + 0,#aExtendedAddress & 0xff
   \   000046   75....       MOV     ?V0 + 1,#(aExtendedAddress >> 8) & 0xff
   \   000049   78..         MOV     R0,#?V0 + 0
   \   00004B   12....       LCALL   ?PUSH_XSTACK_I_TWO
   \   00004E   75..08       MOV     ?V0 + 0,#0x8
   \   000051   75..00       MOV     ?V0 + 1,#0x0
   \   000054   78..         MOV     R0,#?V0 + 0
   \   000056   12....       LCALL   ?PUSH_XSTACK_I_TWO
   \   000059   7C00         MOV     R4,#0x0
   \   00005B   7D00         MOV     R5,#0x0
   \   00005D   7A01         MOV     R2,#0x1
   \   00005F   7B00         MOV     R3,#0x0
   \   000061   12....       LCALL   ??osal_nv_read?relay
   \   000064   7404         MOV     A,#0x4
   \   000066   12....       LCALL   ?DEALLOC_XSTACK8
   \   000069   E9           MOV     A,R1
   \   00006A   702F         JNZ     ??zmain_ext_addr_0
   \   00006C                ; Setup parameters for call to function osal_memcmp
   \   00006C   85..82       MOV     DPL,?XSP + 0
   \   00006F   85..83       MOV     DPH,?XSP + 1
   \   000072   A982         MOV     R1,DPL
   \   000074   AA83         MOV     R2,DPH
   \   000076   7B00         MOV     R3,#0x0
   \   000078   89..         MOV     ?V0 + 0,R1
   \   00007A   8A..         MOV     ?V0 + 1,R2
   \   00007C   8B..         MOV     ?V0 + 2,R3
   \   00007E   78..         MOV     R0,#?V0 + 0
   \   000080   12....       LCALL   ?PUSH_XSTACK_I_THREE
   \   000083   7C08         MOV     R4,#0x8
   \   000085   7D00         MOV     R5,#0x0
   \   000087   79..         MOV     R1,#aExtendedAddress & 0xff
   \   000089   7A..         MOV     R2,#(aExtendedAddress >> 8) & 0xff
   \   00008B   7B00         MOV     R3,#0x0
   \   00008D   12....       LCALL   ??osal_memcmp?relay
   \   000090   7403         MOV     A,#0x3
   \   000092   12....       LCALL   ?DEALLOC_XSTACK8
   \   000095   E9           MOV     A,R1
   \   000096   7003         JNZ     $+5
   \   000098   02....       LJMP    ??zmain_ext_addr_1 & 0xFFFF
    187            {
    188              // Attempt to read the extended address from the location on the lock bits page
    189              // where the programming tools know to reserve it.
    190              HalFlashRead(HAL_FLASH_IEEE_PAGE, HAL_FLASH_IEEE_OSET, aExtendedAddress, Z_EXTADDR_LEN);
   \                     ??zmain_ext_addr_0:
   \   00009B                ; Setup parameters for call to function HalFlashRead
   \   00009B   75..08       MOV     ?V0 + 0,#0x8
   \   00009E   75..00       MOV     ?V0 + 1,#0x0
   \   0000A1   78..         MOV     R0,#?V0 + 0
   \   0000A3   12....       LCALL   ?PUSH_XSTACK_I_TWO
   \   0000A6   7C..         MOV     R4,#aExtendedAddress & 0xff
   \   0000A8   7D..         MOV     R5,#(aExtendedAddress >> 8) & 0xff
   \   0000AA   7AE8         MOV     R2,#-0x18
   \   0000AC   7B07         MOV     R3,#0x7
   \   0000AE   797F         MOV     R1,#0x7f
   \   0000B0   12....       LCALL   ??HalFlashRead?relay
   \   0000B3   7402         MOV     A,#0x2
   \   0000B5   12....       LCALL   ?DEALLOC_XSTACK8
    191          
    192              if (osal_memcmp(aExtendedAddress, nullAddr, Z_EXTADDR_LEN))
   \   0000B8                ; Setup parameters for call to function osal_memcmp
   \   0000B8   85..82       MOV     DPL,?XSP + 0
   \   0000BB   85..83       MOV     DPH,?XSP + 1
   \   0000BE   A982         MOV     R1,DPL
   \   0000C0   AA83         MOV     R2,DPH
   \   0000C2   7B00         MOV     R3,#0x0
   \   0000C4   89..         MOV     ?V0 + 0,R1
   \   0000C6   8A..         MOV     ?V0 + 1,R2
   \   0000C8   8B..         MOV     ?V0 + 2,R3
   \   0000CA   78..         MOV     R0,#?V0 + 0
   \   0000CC   12....       LCALL   ?PUSH_XSTACK_I_THREE
   \   0000CF   7C08         MOV     R4,#0x8
   \   0000D1   7D00         MOV     R5,#0x0
   \   0000D3   79..         MOV     R1,#aExtendedAddress & 0xff
   \   0000D5   7A..         MOV     R2,#(aExtendedAddress >> 8) & 0xff
   \   0000D7   7B00         MOV     R3,#0x0
   \   0000D9   12....       LCALL   ??osal_memcmp?relay
   \   0000DC   7403         MOV     A,#0x3
   \   0000DE   12....       LCALL   ?DEALLOC_XSTACK8
   \   0000E1   E9           MOV     A,R1
   \   0000E2   7003         JNZ     $+5
   \   0000E4   02....       LJMP    ??zmain_ext_addr_2 & 0xFFFF
    193              {
    194                // Attempt to read the extended address from the designated location in the Info Page.
    195                if (!osal_memcmp((uint8 *)(P_INFOPAGE+HAL_INFOP_IEEE_OSET), nullAddr, Z_EXTADDR_LEN))
   \   0000E7                ; Setup parameters for call to function osal_memcmp
   \   0000E7   85..82       MOV     DPL,?XSP + 0
   \   0000EA   85..83       MOV     DPH,?XSP + 1
   \   0000ED   A982         MOV     R1,DPL
   \   0000EF   AA83         MOV     R2,DPH
   \   0000F1   7B00         MOV     R3,#0x0
   \   0000F3   89..         MOV     ?V0 + 0,R1
   \   0000F5   8A..         MOV     ?V0 + 1,R2
   \   0000F7   8B..         MOV     ?V0 + 2,R3
   \   0000F9   78..         MOV     R0,#?V0 + 0
   \   0000FB   12....       LCALL   ?PUSH_XSTACK_I_THREE
   \   0000FE   7C08         MOV     R4,#0x8
   \   000100   7D00         MOV     R5,#0x0
   \   000102   790C         MOV     R1,#0xc
   \   000104   7A78         MOV     R2,#0x78
   \   000106   7B00         MOV     R3,#0x0
   \   000108   12....       LCALL   ??osal_memcmp?relay
   \   00010B   7403         MOV     A,#0x3
   \   00010D   12....       LCALL   ?DEALLOC_XSTACK8
   \   000110   E9           MOV     A,R1
   \   000111   7020         JNZ     ??zmain_ext_addr_3
    196                {
    197                  osal_memcpy(aExtendedAddress, (uint8 *)(P_INFOPAGE+HAL_INFOP_IEEE_OSET), Z_EXTADDR_LEN);
   \   000113                ; Setup parameters for call to function osal_memcpy
   \   000113   75..0C       MOV     ?V0 + 0,#0xc
   \   000116   75..78       MOV     ?V0 + 1,#0x78
   \   000119   75..00       MOV     ?V0 + 2,#0x0
   \   00011C   78..         MOV     R0,#?V0 + 0
   \   00011E   12....       LCALL   ?PUSH_XSTACK_I_THREE
   \   000121   7C08         MOV     R4,#0x8
   \   000123   7D00         MOV     R5,#0x0
   \   000125   7A..         MOV     R2,#aExtendedAddress & 0xff
   \   000127   7B..         MOV     R3,#(aExtendedAddress >> 8) & 0xff
   \   000129   12....       LCALL   ??osal_memcpy?relay
   \   00012C   7403         MOV     A,#0x3
   \   00012E   12....       LCALL   ?DEALLOC_XSTACK8
   \   000131   8072         SJMP    ??zmain_ext_addr_2
    198                }
    199                else  // No valid extended address was found.
    200                {
    201                  uint8 idx;
    202                  
    203          #if !defined ( NV_RESTORE )
    204                  writeNV = FALSE;  // Make this a temporary IEEE address
   \                     ??zmain_ext_addr_3:
   \   000133   7E00         MOV     R6,#0x0
    205          #endif
    206          
    207                  /* Attempt to create a sufficiently random extended address for expediency.
    208                   * Note: this is only valid/legal in a test environment and
    209                   *       must never be used for a commercial product.
    210                   */
    211                  for (idx = 0; idx < (Z_EXTADDR_LEN - 2);)
   \   000135   7F00         MOV     R7,#0x0
   \                     ??zmain_ext_addr_4:
   \   000137   EF           MOV     A,R7
   \   000138   C3           CLR     C
   \   000139   9406         SUBB    A,#0x6
   \   00013B   503F         JNC     ??zmain_ext_addr_5
    212                  {
    213                    uint16 randy = osal_rand();
   \   00013D                ; Setup parameters for call to function osal_rand
   \   00013D   12....       LCALL   ??osal_rand?relay
   \   000140   8A..         MOV     ?V0 + 0,R2
   \   000142   8B..         MOV     ?V0 + 1,R3
   \   000144   A8..         MOV     R0,?V0 + 0
   \   000146   A9..         MOV     R1,?V0 + 1
    214                    aExtendedAddress[idx++] = LO_UINT16(randy);
   \   000148   E8           MOV     A,R0
   \   000149   C0E0         PUSH    A
   \   00014B   8F..         MOV     ?V0 + 0,R7
   \   00014D   75..00       MOV     ?V0 + 1,#0x0
   \   000150   74..         MOV     A,#aExtendedAddress & 0xff
   \   000152   25..         ADD     A,?V0 + 0
   \   000154   F582         MOV     DPL,A
   \   000156   74..         MOV     A,#(aExtendedAddress >> 8) & 0xff
   \   000158   35..         ADDC    A,?V0 + 1
   \   00015A   F583         MOV     DPH,A
   \   00015C   D0E0         POP     A
   \   00015E   F0           MOVX    @DPTR,A
   \   00015F   0F           INC     R7
    215                    aExtendedAddress[idx++] = HI_UINT16(randy);
   \   000160   E4           CLR     A
   \   000161   E9           MOV     A,R1
   \   000162   F8           MOV     R0,A
   \   000163   C0E0         PUSH    A
   \   000165   8F..         MOV     ?V0 + 0,R7
   \   000167   75..00       MOV     ?V0 + 1,#0x0
   \   00016A   74..         MOV     A,#aExtendedAddress & 0xff
   \   00016C   25..         ADD     A,?V0 + 0
   \   00016E   F582         MOV     DPL,A
   \   000170   74..         MOV     A,#(aExtendedAddress >> 8) & 0xff
   \   000172   35..         ADDC    A,?V0 + 1
   \   000174   F583         MOV     DPH,A
   \   000176   D0E0         POP     A
   \   000178   F0           MOVX    @DPTR,A
   \   000179   0F           INC     R7
   \   00017A   80BB         SJMP    ??zmain_ext_addr_4
    216                  }
    217                  // Next-to-MSB identifies ZigBee devicetype.
    218          #if ZG_BUILD_COORDINATOR_TYPE && !ZG_BUILD_JOINING_TYPE
    219                  aExtendedAddress[idx++] = 0x10;
    220          #elif ZG_BUILD_RTRONLY_TYPE
    221                  aExtendedAddress[idx++] = 0x20;
   \                     ??zmain_ext_addr_5:
   \   00017C   8F..         MOV     ?V0 + 0,R7
   \   00017E   75..00       MOV     ?V0 + 1,#0x0
   \   000181   74..         MOV     A,#aExtendedAddress & 0xff
   \   000183   25..         ADD     A,?V0 + 0
   \   000185   F582         MOV     DPL,A
   \   000187   74..         MOV     A,#(aExtendedAddress >> 8) & 0xff
   \   000189   35..         ADDC    A,?V0 + 1
   \   00018B   F583         MOV     DPH,A
   \   00018D   7420         MOV     A,#0x20
   \   00018F   F0           MOVX    @DPTR,A
   \   000190   0F           INC     R7
    222          #else
    223                  aExtendedAddress[idx++] = 0x30;
    224          #endif
    225                  // MSB has historical signficance.
    226                  aExtendedAddress[idx] = 0xF8;
   \   000191   8F..         MOV     ?V0 + 0,R7
   \   000193   75..00       MOV     ?V0 + 1,#0x0
   \   000196   74..         MOV     A,#aExtendedAddress & 0xff
   \   000198   25..         ADD     A,?V0 + 0
   \   00019A   F582         MOV     DPL,A
   \   00019C   74..         MOV     A,#(aExtendedAddress >> 8) & 0xff
   \   00019E   35..         ADDC    A,?V0 + 1
   \   0001A0   F583         MOV     DPH,A
   \   0001A2   74F8         MOV     A,#-0x8
   \   0001A4   F0           MOVX    @DPTR,A
    227                }
    228              }
    229          
    230              if (writeNV)
   \                     ??zmain_ext_addr_2:
   \   0001A5   EE           MOV     A,R6
   \   0001A6   6027         JZ      ??zmain_ext_addr_1
    231              {
    232                (void)osal_nv_write(ZCD_NV_EXTADDR, 0, Z_EXTADDR_LEN, aExtendedAddress);
   \   0001A8                ; Setup parameters for call to function osal_nv_write
   \   0001A8   75....       MOV     ?V0 + 0,#aExtendedAddress & 0xff
   \   0001AB   75....       MOV     ?V0 + 1,#(aExtendedAddress >> 8) & 0xff
   \   0001AE   78..         MOV     R0,#?V0 + 0
   \   0001B0   12....       LCALL   ?PUSH_XSTACK_I_TWO
   \   0001B3   75..08       MOV     ?V0 + 0,#0x8
   \   0001B6   75..00       MOV     ?V0 + 1,#0x0
   \   0001B9   78..         MOV     R0,#?V0 + 0
   \   0001BB   12....       LCALL   ?PUSH_XSTACK_I_TWO
   \   0001BE   7C00         MOV     R4,#0x0
   \   0001C0   7D00         MOV     R5,#0x0
   \   0001C2   7A01         MOV     R2,#0x1
   \   0001C4   7B00         MOV     R3,#0x0
   \   0001C6   12....       LCALL   ??osal_nv_write?relay
   \   0001C9   7404         MOV     A,#0x4
   \   0001CB   12....       LCALL   ?DEALLOC_XSTACK8
   \   0001CE   E9           MOV     A,R1
    233              }
    234            }
    235          
    236            // Set the MAC PIB extended address according to results from above.
    237            (void)ZMacSetReq(MAC_EXTENDED_ADDRESS, aExtendedAddress);
   \                     ??zmain_ext_addr_1:
   \   0001CF                ; Setup parameters for call to function ZMacSetReq
   \   0001CF   7A..         MOV     R2,#aExtendedAddress & 0xff
   \   0001D1   7B..         MOV     R3,#(aExtendedAddress >> 8) & 0xff
   \   0001D3   79E2         MOV     R1,#-0x1e
   \   0001D5   12....       LCALL   ??ZMacSetReq?relay
   \   0001D8   E9           MOV     A,R1
    238          }
   \   0001D9   7408         MOV     A,#0x8
   \   0001DB   12....       LCALL   ?DEALLOC_XSTACK8
   \   0001DE   7F03         MOV     R7,#0x3
   \   0001E0   02....       LJMP    ?BANKED_LEAVE_XDATA
    239          
    240          #if defined ZCL_KEY_ESTABLISH
    241          /**************************************************************************************************
    242           * @fn          zmain_cert_init
    243           *
    244           * @brief       Initialize the Certicom certificate information.
    245           *
    246           * input parameters
    247           *
    248           * None.
    249           *
    250           * output parameters
    251           *
    252           * None.
    253           *
    254           * @return      None.
    255           **************************************************************************************************
    256           */
    257          static void zmain_cert_init(void)
    258          {
    259            uint8 certData[ZCL_KE_IMPLICIT_CERTIFICATE_LEN];
    260            uint8 nullData[ZCL_KE_IMPLICIT_CERTIFICATE_LEN] = {
    261              0xFF, 0xFF, 0xFF, 0xFF, 0xFF, 0xFF, 0xFF, 0xFF,
    262              0xFF, 0xFF, 0xFF, 0xFF, 0xFF, 0xFF, 0xFF, 0xFF,
    263              0xFF, 0xFF, 0xFF, 0xFF, 0xFF, 0xFF, 0xFF, 0xFF,
    264              0xFF, 0xFF, 0xFF, 0xFF, 0xFF, 0xFF, 0xFF, 0xFF,
    265              0xFF, 0xFF, 0xFF, 0xFF, 0xFF, 0xFF, 0xFF, 0xFF,
    266              0xFF, 0xFF, 0xFF, 0xFF, 0xFF, 0xFF, 0xFF, 0xFF
    267            };
    268          
    269            (void)osal_nv_item_init(ZCD_NV_IMPLICIT_CERTIFICATE, ZCL_KE_IMPLICIT_CERTIFICATE_LEN, NULL);
    270            (void)osal_nv_item_init(ZCD_NV_DEVICE_PRIVATE_KEY, ZCL_KE_DEVICE_PRIVATE_KEY_LEN, NULL);
    271          
    272            // First check whether non-null certificate data exists in the OSAL NV. To save on code space,
    273            // just use the ZCD_NV_CA_PUBLIC_KEY as the bellwether for all three.
    274            if ((SUCCESS != osal_nv_item_init(ZCD_NV_CA_PUBLIC_KEY, ZCL_KE_CA_PUBLIC_KEY_LEN, NULL))    ||
    275                (SUCCESS != osal_nv_read(ZCD_NV_CA_PUBLIC_KEY, 0, ZCL_KE_CA_PUBLIC_KEY_LEN, certData))  ||
    276                (osal_memcmp(certData, nullData, ZCL_KE_CA_PUBLIC_KEY_LEN)))
    277            {
    278              // Attempt to read the certificate data from its corresponding location on the lock bits page.
    279              HalFlashRead(HAL_FLASH_IEEE_PAGE, HAL_FLASH_CA_PUBLIC_KEY_OSET, certData,
    280                                                   ZCL_KE_CA_PUBLIC_KEY_LEN);
    281              // If the certificate data is not NULL, use it to update the corresponding NV items.
    282              if (!osal_memcmp(certData, nullData, ZCL_KE_CA_PUBLIC_KEY_LEN))
    283              {
    284                (void)osal_nv_write(ZCD_NV_CA_PUBLIC_KEY, 0, ZCL_KE_CA_PUBLIC_KEY_LEN, certData);
    285                HalFlashRead(HAL_FLASH_IEEE_PAGE, HAL_FLASH_IMPLICIT_CERT_OSET, certData,
    286                                                     ZCL_KE_IMPLICIT_CERTIFICATE_LEN);
    287                (void)osal_nv_write(ZCD_NV_IMPLICIT_CERTIFICATE, 0,
    288                                    ZCL_KE_IMPLICIT_CERTIFICATE_LEN, certData);
    289                HalFlashRead(HAL_FLASH_IEEE_PAGE, HAL_FLASH_DEV_PRIVATE_KEY_OSET, certData,
    290                                                  ZCL_KE_DEVICE_PRIVATE_KEY_LEN);
    291                (void)osal_nv_write(ZCD_NV_DEVICE_PRIVATE_KEY, 0, ZCL_KE_DEVICE_PRIVATE_KEY_LEN, certData);
    292              }
    293            }
    294          }
    295          #endif
    296          
    297          /**************************************************************************************************
    298           * @fn          zmain_dev_info
    299           *
    300           * @brief       This displays the IEEE (MSB to LSB) on the LCD.
    301           *
    302           * input parameters
    303           *
    304           * None.
    305           *
    306           * output parameters
    307           *
    308           * None.
    309           *
    310           * @return      None.
    311           **************************************************************************************************
    312           */

   \                                 In  segment BANKED_CODE, align 1, keep-with-next
    313          static void zmain_dev_info(void)
   \                     zmain_dev_info:
    314          {
   \   000000   74F2         MOV     A,#-0xe
   \   000002   12....       LCALL   ?BANKED_ENTER_XDATA
   \   000005                ; Saved register size: 14
   \   000005                ; Auto size: 17
   \   000005   74EF         MOV     A,#-0x11
   \   000007   12....       LCALL   ?ALLOC_XSTACK8
    315          #ifdef LCD_SUPPORTED
    316            uint8 i;
    317            uint8 *xad;
    318            uint8 lcd_buf[Z_EXTADDR_LEN*2+1];
    319          
    320            // Display the extended address.
    321            xad = aExtendedAddress + Z_EXTADDR_LEN - 1;
   \   00000A   7E..         MOV     R6,#(aExtendedAddress + 7) & 0xff
   \   00000C   7F..         MOV     R7,#((aExtendedAddress + 7) >> 8) & 0xff
    322          
    323            for (i = 0; i < Z_EXTADDR_LEN*2; xad--)
   \   00000E   75..00       MOV     ?V0 + 1,#0x0
   \                     ??zmain_dev_info_0:
   \   000011   E5..         MOV     A,?V0 + 1
   \   000013   C3           CLR     C
   \   000014   9410         SUBB    A,#0x10
   \   000016   4003         JC      $+5
   \   000018   02....       LJMP    ??zmain_dev_info_1 & 0xFFFF
    324            {
    325              uint8 ch;
    326              ch = (*xad >> 4) & 0x0F;
   \   00001B   8E82         MOV     DPL,R6
   \   00001D   8F83         MOV     DPH,R7
   \   00001F   E0           MOVX    A,@DPTR
   \   000020   C4           SWAP    A
   \   000021   540F         ANL     A,#0xf
   \   000023   FA           MOV     R2,A
    327              lcd_buf[i++] = ch + (( ch < 10 ) ? '0' : '7');
   \   000024   85....       MOV     ?V0 + 0,?V0 + 1
   \   000027   7401         MOV     A,#0x1
   \   000029   25..         ADD     A,?V0 + 0
   \   00002B   F5..         MOV     ?V0 + 1,A
   \   00002D   EA           MOV     A,R2
   \   00002E   C3           CLR     C
   \   00002F   940A         SUBB    A,#0xa
   \   000031   5006         JNC     ??zmain_dev_info_2
   \   000033   7830         MOV     R0,#0x30
   \   000035   7900         MOV     R1,#0x0
   \   000037   8004         SJMP    ??zmain_dev_info_3
   \                     ??zmain_dev_info_2:
   \   000039   7837         MOV     R0,#0x37
   \   00003B   7900         MOV     R1,#0x0
   \                     ??zmain_dev_info_3:
   \   00003D   E8           MOV     A,R0
   \   00003E   2A           ADD     A,R2
   \   00003F   C0E0         PUSH    A
   \   000041   85....       MOV     ?V0 + 2,?V0 + 0
   \   000044   75..00       MOV     ?V0 + 3,#0x0
   \   000047   85..82       MOV     DPL,?XSP + 0
   \   00004A   85..83       MOV     DPH,?XSP + 1
   \   00004D   E582         MOV     A,DPL
   \   00004F   25..         ADD     A,?V0 + 2
   \   000051   F582         MOV     DPL,A
   \   000053   E583         MOV     A,DPH
   \   000055   35..         ADDC    A,?V0 + 3
   \   000057   F583         MOV     DPH,A
   \   000059   D0E0         POP     A
   \   00005B   F0           MOVX    @DPTR,A
    328              ch = *xad & 0x0F;
   \   00005C   8E82         MOV     DPL,R6
   \   00005E   8F83         MOV     DPH,R7
   \   000060   E0           MOVX    A,@DPTR
   \   000061   540F         ANL     A,#0xf
   \   000063   FA           MOV     R2,A
    329              lcd_buf[i++] = ch + (( ch < 10 ) ? '0' : '7');
   \   000064   85....       MOV     ?V0 + 2,?V0 + 1
   \   000067   7401         MOV     A,#0x1
   \   000069   25..         ADD     A,?V0 + 2
   \   00006B   F5..         MOV     ?V0 + 1,A
   \   00006D   EA           MOV     A,R2
   \   00006E   C3           CLR     C
   \   00006F   940A         SUBB    A,#0xa
   \   000071   5006         JNC     ??zmain_dev_info_4
   \   000073   7830         MOV     R0,#0x30
   \   000075   7900         MOV     R1,#0x0
   \   000077   8004         SJMP    ??zmain_dev_info_5
   \                     ??zmain_dev_info_4:
   \   000079   7837         MOV     R0,#0x37
   \   00007B   7900         MOV     R1,#0x0
   \                     ??zmain_dev_info_5:
   \   00007D   E8           MOV     A,R0
   \   00007E   2A           ADD     A,R2
   \   00007F   C0E0         PUSH    A
   \   000081   85....       MOV     ?V0 + 4,?V0 + 2
   \   000084   75..00       MOV     ?V0 + 5,#0x0
   \   000087   85..82       MOV     DPL,?XSP + 0
   \   00008A   85..83       MOV     DPH,?XSP + 1
   \   00008D   E582         MOV     A,DPL
   \   00008F   25..         ADD     A,?V0 + 4
   \   000091   F582         MOV     DPL,A
   \   000093   E583         MOV     A,DPH
   \   000095   35..         ADDC    A,?V0 + 5
   \   000097   F583         MOV     DPH,A
   \   000099   D0E0         POP     A
   \   00009B   F0           MOVX    @DPTR,A
    330            }
   \   00009C   EE           MOV     A,R6
   \   00009D   24FF         ADD     A,#-0x1
   \   00009F   F8           MOV     R0,A
   \   0000A0   EF           MOV     A,R7
   \   0000A1   34FF         ADDC    A,#-0x1
   \   0000A3   F9           MOV     R1,A
   \   0000A4   E8           MOV     A,R0
   \   0000A5   FE           MOV     R6,A
   \   0000A6   E9           MOV     A,R1
   \   0000A7   FF           MOV     R7,A
   \   0000A8   02....       LJMP    ??zmain_dev_info_0 & 0xFFFF
    331            lcd_buf[Z_EXTADDR_LEN*2] = '\0';
   \                     ??zmain_dev_info_1:
   \   0000AB   7410         MOV     A,#0x10
   \   0000AD   12....       LCALL   ?XSTACK_DISP0_8
   \   0000B0   7400         MOV     A,#0x0
   \   0000B2   F0           MOVX    @DPTR,A
    332            
    333            //DrawRectFill(0 ,0 ,128,128,GREEN);//背景色
    334            DrawRectFill(3 ,20 ,122,106,WHITE); //显示窗口
   \   0000B3                ; Setup parameters for call to function DrawRectFill
   \   0000B3   75..FF       MOV     ?V0 + 4,#-0x1
   \   0000B6   75..FF       MOV     ?V0 + 5,#-0x1
   \   0000B9   78..         MOV     R0,#?V0 + 4
   \   0000BB   12....       LCALL   ?PUSH_XSTACK_I_TWO
   \   0000BE   75..6A       MOV     ?V0 + 4,#0x6a
   \   0000C1   75..00       MOV     ?V0 + 5,#0x0
   \   0000C4   78..         MOV     R0,#?V0 + 4
   \   0000C6   12....       LCALL   ?PUSH_XSTACK_I_TWO
   \   0000C9   75..7A       MOV     ?V0 + 4,#0x7a
   \   0000CC   75..00       MOV     ?V0 + 5,#0x0
   \   0000CF   78..         MOV     R0,#?V0 + 4
   \   0000D1   12....       LCALL   ?PUSH_XSTACK_I_TWO
   \   0000D4   7C14         MOV     R4,#0x14
   \   0000D6   7D00         MOV     R5,#0x0
   \   0000D8   7A03         MOV     R2,#0x3
   \   0000DA   7B00         MOV     R3,#0x0
   \   0000DC   12....       LCALL   ??DrawRectFill?relay
   \   0000DF   7406         MOV     A,#0x6
   \   0000E1   12....       LCALL   ?DEALLOC_XSTACK8
    335             
    336            Color    = BLACK; //前景色
   \   0000E4   90....       MOV     DPTR,#Color
   \   0000E7   7400         MOV     A,#0x0
   \   0000E9   F0           MOVX    @DPTR,A
   \   0000EA   A3           INC     DPTR
   \   0000EB   7400         MOV     A,#0x0
   \   0000ED   F0           MOVX    @DPTR,A
    337            Color_BK = GREEN; //背景色
   \   0000EE   90....       MOV     DPTR,#Color_BK
   \   0000F1   74E0         MOV     A,#-0x20
   \   0000F3   F0           MOVX    @DPTR,A
   \   0000F4   A3           INC     DPTR
   \   0000F5   7407         MOV     A,#0x7
   \   0000F7   F0           MOVX    @DPTR,A
    338            
    339            LCD_write_CN_string(30,3,"蜡笔小新");//显示标题
   \   0000F8                ; Setup parameters for call to function LCD_write_CN_string
   \   0000F8   7C..         MOV     R4,#`?<Constant "\\300\\257\\261\\312\\320\\241\\320\\302">` & 0xff
   \   0000FA   7D..         MOV     R5,#(`?<Constant "\\300\\257\\261\\312\\320\\241\\320\\302">` >> 8) & 0xff
   \   0000FC   7A03         MOV     R2,#0x3
   \   0000FE   791E         MOV     R1,#0x1e
   \   000100   12....       LCALL   ??LCD_write_CN_string?relay
    340            
    341            Color    = BLUE;  //前景色
   \   000103   90....       MOV     DPTR,#Color
   \   000106   741F         MOV     A,#0x1f
   \   000108   F0           MOVX    @DPTR,A
   \   000109   A3           INC     DPTR
   \   00010A   7400         MOV     A,#0x0
   \   00010C   F0           MOVX    @DPTR,A
    342            Color_BK = WHITE; //背景色
   \   00010D   90....       MOV     DPTR,#Color_BK
   \   000110   74FF         MOV     A,#-0x1
   \   000112   F0           MOVX    @DPTR,A
   \   000113   A3           INC     DPTR
   \   000114   74FF         MOV     A,#-0x1
   \   000116   F0           MOVX    @DPTR,A
    343            HalLcdWriteString( "IEEE: ", HAL_LCD_LINE_3 );                 
   \   000117                ; Setup parameters for call to function HalLcdWriteString
   \   000117   7902         MOV     R1,#0x2
   \   000119   7A..         MOV     R2,#`?<Constant "IEEE: ">` & 0xff
   \   00011B   7B..         MOV     R3,#(`?<Constant "IEEE: ">` >> 8) & 0xff
   \   00011D   12....       LCALL   ??HalLcdWriteString?relay
    344            HalLcdWriteString( (char*)lcd_buf, HAL_LCD_LINE_4 );
   \   000120                ; Setup parameters for call to function HalLcdWriteString
   \   000120   7903         MOV     R1,#0x3
   \   000122   85..82       MOV     DPL,?XSP + 0
   \   000125   85..83       MOV     DPH,?XSP + 1
   \   000128   AA82         MOV     R2,DPL
   \   00012A   AB83         MOV     R3,DPH
   \   00012C   12....       LCALL   ??HalLcdWriteString?relay
    345            
    346            Color    = RED; 
   \   00012F   90....       MOV     DPTR,#Color
   \   000132   7400         MOV     A,#0x0
   \   000134   F0           MOVX    @DPTR,A
   \   000135   A3           INC     DPTR
   \   000136   74F8         MOV     A,#-0x8
   \   000138   F0           MOVX    @DPTR,A
    347          #endif
    348          }
   \   000139   7411         MOV     A,#0x11
   \   00013B   12....       LCALL   ?DEALLOC_XSTACK8
   \   00013E   7F06         MOV     R7,#0x6
   \   000140   02....       LJMP    ?BANKED_LEAVE_XDATA
    349          
    350          #ifdef LCD_SUPPORTED
    351          /*********************************************************************
    352           * @fn      zmain_lcd_init
    353           * @brief   Initialize LCD at start up.
    354           * @return  none
    355           *********************************************************************/

   \                                 In  segment BANKED_CODE, align 1, keep-with-next
    356          static void zmain_lcd_init ( void )
   \                     zmain_lcd_init:
    357          {
   \   000000   C082         PUSH    DPL
   \   000002   C083         PUSH    DPH
   \   000004                ; Saved register size: 2
   \   000004                ; Auto size: 0
    358          #ifdef SERIAL_DEBUG_SUPPORTED
    359            {
    360              HalLcdWriteString( "TexasInstruments", HAL_LCD_LINE_1 );
   \   000004                ; Setup parameters for call to function HalLcdWriteString
   \   000004   7900         MOV     R1,#0x0
   \   000006   7A..         MOV     R2,#`?<Constant "TexasInstruments">` & 0xff
   \   000008   7B..         MOV     R3,#(`?<Constant "TexasInstruments">` >> 8) & 0xff
   \   00000A   12....       LCALL   ??HalLcdWriteString?relay
    361          
    362          #if defined( MT_MAC_FUNC )
    363          #if defined( ZDO_COORDINATOR )
    364                HalLcdWriteString( "MAC-MT Coord", HAL_LCD_LINE_2 );
    365          #else
    366                HalLcdWriteString( "MAC-MT Device", HAL_LCD_LINE_2 );
    367          #endif // ZDO
    368          #elif defined( MT_NWK_FUNC )
    369          #if defined( ZDO_COORDINATOR )
    370                HalLcdWriteString( "NWK Coordinator", HAL_LCD_LINE_2 );
    371          #else
    372                HalLcdWriteString( "NWK Device", HAL_LCD_LINE_2 );
    373          #endif // ZDO
    374          #endif // MT_FUNC
    375            }
    376          #endif // SERIAL_DEBUG_SUPPORTED
    377          }
   \   00000D   D083         POP     DPH
   \   00000F   D082         POP     DPL
   \   000011   02....       LJMP    ?BRET

   \                                 In  segment BANK_RELAYS, align 1
   \                     ??main?relay:
   \   000000   12....       LCALL   ?BDISPATCH
   \   000003   ......       DC24    main

   \                                 In  segment BANK_RELAYS, align 1
   \                     ??zmain_vdd_check?relay:
   \   000000   12....       LCALL   ?BDISPATCH
   \   000003   ......       DC24    zmain_vdd_check

   \                                 In  segment BANK_RELAYS, align 1
   \                     ??zmain_ext_addr?relay:
   \   000000   12....       LCALL   ?BDISPATCH
   \   000003   ......       DC24    zmain_ext_addr

   \                                 In  segment BANK_RELAYS, align 1
   \                     ??zmain_dev_info?relay:
   \   000000   12....       LCALL   ?BDISPATCH
   \   000003   ......       DC24    zmain_dev_info

   \                                 In  segment BANK_RELAYS, align 1
   \                     ??zmain_lcd_init?relay:
   \   000000   12....       LCALL   ?BDISPATCH
   \   000003   ......       DC24    zmain_lcd_init

   \                                 In  segment XDATA_ROM_C, align 1
   \                     `?<Constant {255, 255, 255, 255, 255, 255, 255,`:
   \   000000   FF           DB 255
   \   000001   FF           DB 255
   \   000002   FF           DB 255
   \   000003   FF           DB 255
   \   000004   FF           DB 255
   \   000005   FF           DB 255
   \   000006   FF           DB 255
   \   000007   FF           DB 255

   \                                 In  segment XDATA_ROM_C, align 1
   \                     `?<Constant "\\300\\257\\261\\312\\320\\241\\320\\302">`:
   \   000000   C0AFB1CA     DB "\300\257\261\312\320\241\320\302"
   \            D0A1D0C2
   \            00      

   \                                 In  segment XDATA_ROM_C, align 1
   \                     `?<Constant "IEEE: ">`:
   \   000000   49454545     DB "IEEE: "
   \            3A2000  

   \                                 In  segment XDATA_ROM_C, align 1
   \                     `?<Constant "TexasInstruments">`:
   \   000000   54657861     DB "TexasInstruments"
   \            73496E73
   \            7472756D
   \            656E7473
   \            00      
    378          #endif
    379          
    380          /*********************************************************************
    381          *********************************************************************/

   Maximum stack usage in bytes:

     Function                 ISTACK PSTACK XSTACK
     --------                 ------ ------ ------
     main                         0      0      0
       -> osal_int_disable        0      0      0
       -> zmain_vdd_check         0      0      0
       -> InitBoard               0      0      0
       -> HalDriverInit           0      0      0
       -> osal_nv_init            0      0      0
       -> ZMacInit                0      0      0
       -> zmain_ext_addr          0      0      0
       -> zgInit                  0      0      0
       -> osal_init_system        0      0      0
       -> osal_int_enable         0      0      0
       -> InitBoard               0      0      0
       -> zmain_dev_info          0      0      0
       -> zmain_lcd_init          0      0      0
       -> osal_start_system       0      0      0
     zmain_dev_info               1      0     37
       -> DrawRectFill            0      0     74
       -> LCD_write_CN_string     0      0     62
       -> HalLcdWriteString       0      0     62
       -> HalLcdWriteString       0      0     62
     zmain_ext_addr               2      0     23
       -> osal_nv_item_init       0      0     42
       -> osal_nv_read            0      0     46
       -> osal_memcmp             0      0     44
       -> HalFlashRead            0      0     42
       -> osal_memcmp             0      0     44
       -> osal_memcmp             0      0     44
       -> osal_memcpy             0      0     44
       -> osal_rand               0      0     38
       -> osal_nv_write           0      0     46
       -> ZMacSetReq              0      0     38
     zmain_lcd_init               2      0      0
       -> HalLcdWriteString       4      0      0
     zmain_vdd_check              0      0      9
       -> HalAdcCheckVdd          0      0     18


   Segment part sizes:

     Function/Label                                 Bytes
     --------------                                 -----
     P0INP                                             1
     _A_P1                                             1
     SLEEPSTA                                          1
     CLKCONSTA                                         1
     SLEEPCMD                                          1
     CLKCONCMD                                         1
     P1DIR                                             1
     main                                            134
     zmain_vdd_check                                  29
     zmain_ext_addr                                  483
     zmain_dev_info                                  323
     zmain_lcd_init                                   20
     ??main?relay                                      6
     ??zmain_vdd_check?relay                           6
     ??zmain_ext_addr?relay                            6
     ??zmain_dev_info?relay                            6
     ??zmain_lcd_init?relay                            6
     ?<Constant {255, 255, 255, 255, 255, 255, 255,    8
     ?<Constant "\300\257\261\312\320\241\320\302">    9
     ?<Constant "IEEE: ">                              7
     ?<Constant "TexasInstruments">                   17

 
 989 bytes in segment BANKED_CODE
  30 bytes in segment BANK_RELAYS
   7 bytes in segment SFR_AN
  41 bytes in segment XDATA_ROM_C
 
 1 019 bytes of CODE  memory
    41 bytes of CONST memory
     0 bytes of DATA  memory (+ 7 bytes shared)

Errors: none
Warnings: none
